2019-12-16 09:23:29 INFO     Publishing shCabCatPic-KH-PO-0
2019-12-16 09:23:29 INFO     Asset cannot be processed, deleting asset
2019-12-16 09:23:30 INFO     Publishing shCabCatPic-NN-ES-0
2019-12-16 09:23:30 INFO     Asset cannot be processed, deleting asset
2019-12-16 09:23:31 INFO     Publishing shCabCatPic-NN-ES-1
2019-12-16 09:23:31 INFO     Asset cannot be processed, deleting asset
2019-12-16 09:23:32 INFO     Publishing shCabCatPic-WE-PI-2
2019-12-16 09:23:32 INFO     Asset cannot be processed, deleting asset
2019-12-16 09:23:33 INFO     Publishing shCabCatPic-KH-AS-0
2019-12-16 09:23:34 INFO     Asset cannot be processed, deleting asset
2019-12-16 09:23:34 INFO     Publishing shCabCatPic-KH-PI-0
2019-12-16 09:23:35 INFO     Asset cannot be processed, deleting asset
2019-12-16 09:23:35 INFO     Publishing shCabCatPic-KH-PI-1
2019-12-16 09:23:35 INFO     Asset cannot be processed, deleting asset
2019-12-16 09:23:36 INFO     Publishing shCabCatPic-KH-PO-1
2019-12-16 09:23:36 INFO     Asset cannot be processed, deleting asset
2019-12-16 09:23:37 INFO     Publishing shCabCatPic-KH-PO-2
2019-12-16 09:23:37 INFO     Asset cannot be processed, deleting asset
2019-12-16 09:23:38 INFO     Publishing shCabCatPic-KH-PO-3
2019-12-16 09:23:38 INFO     Asset cannot be processed, deleting asset
2019-12-16 09:23:39 INFO     Publishing shCabCatPic-KH-AS-1
2019-12-16 09:23:39 INFO     Asset cannot be processed, deleting asset
2019-12-16 09:23:40 INFO     Publishing shCabCatPic-KH-ES-0
2019-12-16 09:23:40 INFO     Asset cannot be processed, deleting asset
2019-12-16 09:23:41 INFO     Publishing shCabCatPic-KH-ES-1
2019-12-16 09:23:41 INFO     Asset cannot be processed, deleting asset
2019-12-16 09:23:42 INFO     Publishing shCabCatPic-MS-PO-2
2019-12-16 09:23:42 INFO     Asset cannot be processed, deleting asset
2019-12-16 09:23:43 INFO     Publishing shCabCatPic-WE-AS-2
2019-12-16 09:23:43 INFO     Asset cannot be processed, deleting asset
2019-12-16 09:23:44 INFO     Publishing shCabCatPic-MS-PI-0
2019-12-16 09:23:45 INFO     Asset cannot be processed, deleting asset
2019-12-16 09:23:45 INFO     Publishing shCabCatPic-MS-PI-1
2019-12-16 09:23:46 INFO     Asset cannot be processed, deleting asset
2019-12-16 09:23:46 INFO     Publishing shCabCatPic-MS-PO-0
2019-12-16 09:23:46 INFO     Asset cannot be processed, deleting asset
2019-12-16 09:23:47 INFO     Publishing shCabCatPic-MS-PO-1
2019-12-16 09:23:47 INFO     Asset cannot be processed, deleting asset
2019-12-16 09:23:48 INFO     Publishing shCabCatPic-MS-AS-0
2019-12-16 09:23:48 INFO     Asset cannot be processed, deleting asset
2019-12-16 09:23:49 INFO     Publishing shCabCatPic-MS-AS-1
2019-12-16 09:23:49 INFO     Asset cannot be processed, deleting asset
2019-12-16 09:23:50 INFO     Publishing shCabCatPic-MS-ES-0
2019-12-16 09:23:50 INFO     Asset cannot be processed, deleting asset
2019-12-16 09:23:51 INFO     Publishing shCabCatPic-MS-ES-1
2019-12-16 09:23:51 INFO     Asset cannot be processed, deleting asset
2019-12-16 09:23:52 INFO     Publishing shCabCatPic-MS-ES-2
2019-12-16 09:23:52 INFO     Asset cannot be processed, deleting asset
2019-12-16 09:23:53 INFO     Publishing shCabCatPic-MS-ES-3
2019-12-16 09:23:53 INFO     Asset cannot be processed, deleting asset
2019-12-16 09:23:54 INFO     Publishing shCabCatPic-NN-PI-0
2019-12-16 09:23:54 INFO     Asset cannot be processed, deleting asset
2019-12-16 09:23:55 INFO     Publishing shCabCatPic-NN-PI-1
2019-12-16 09:23:55 INFO     Asset cannot be processed, deleting asset
2019-12-16 09:23:56 INFO     Publishing shCabCatPic-NN-PO-0
2019-12-16 09:23:56 INFO     Asset cannot be processed, deleting asset
2019-12-16 09:23:57 INFO     Publishing shCabCatPic-NN-PO-1
2019-12-16 09:23:57 INFO     Asset cannot be processed, deleting asset
2019-12-16 09:23:58 INFO     Publishing shCabCatPic-NN-PO-2
2019-12-16 09:23:58 INFO     Asset cannot be processed, deleting asset
2019-12-16 09:23:59 INFO     Publishing shCabCatPic-NN-AS-1
2019-12-16 09:23:59 INFO     Asset cannot be processed, deleting asset
2019-12-16 09:24:00 INFO     Publishing shCabCatPic-NN-AS-0
2019-12-16 09:24:00 INFO     Asset cannot be processed, deleting asset
2019-12-16 09:24:01 INFO     Publishing shCabCatPic-VA-PO-1
2019-12-16 09:24:01 INFO     Asset cannot be processed, deleting asset
2019-12-16 09:24:02 INFO     Publishing shCabCatPic-WE-PI-0
2019-12-16 09:24:02 INFO     Asset cannot be processed, deleting asset
2019-12-16 09:24:03 INFO     Publishing shCabCatPic-WE-PI-1
2019-12-16 09:24:03 INFO     Asset cannot be processed, deleting asset
2019-12-16 09:24:04 INFO     Publishing shCabCatPic-WE-PO-0
2019-12-16 09:24:04 INFO     Asset cannot be processed, deleting asset
2019-12-16 09:24:05 INFO     Publishing shCabCatPic-WE-PO-3
2019-12-16 09:24:05 INFO     Asset cannot be processed, deleting asset
2019-12-16 09:24:06 INFO     Publishing shCabCatPic-WE-PO-1
2019-12-16 09:24:06 INFO     Asset cannot be processed, deleting asset
2019-12-16 09:24:07 INFO     Publishing shCabCatPic-WE-ES-0
2019-12-16 09:24:07 INFO     Asset cannot be processed, deleting asset
2019-12-16 09:24:08 INFO     Publishing shCabCatPic-NK-ES-2
2019-12-16 09:24:08 INFO     Asset cannot be processed, deleting asset
2019-12-16 09:24:09 INFO     Publishing shCabCatPic-NO-PI-2
2019-12-16 09:24:10 INFO     Asset cannot be processed, deleting asset
2019-12-16 09:24:10 INFO     Publishing shCabCatPic-WE-AS-1
2019-12-16 09:24:10 INFO     Asset cannot be processed, deleting asset
2019-12-16 09:24:11 INFO     Publishing shCabCatPic-NK-PI-0
2019-12-16 09:24:11 INFO     Asset cannot be processed, deleting asset
2019-12-16 09:24:12 INFO     Publishing shCabCatPic-NK-PI-1
2019-12-16 09:24:12 INFO     Asset cannot be processed, deleting asset
2019-12-16 09:24:13 INFO     Publishing shCabCatPic-NK-PO-0
2019-12-16 09:24:13 INFO     Asset cannot be processed, deleting asset
2019-12-16 09:24:14 INFO     Publishing shCabCatPic-NK-PO-1
2019-12-16 09:24:14 INFO     Asset cannot be processed, deleting asset
2019-12-16 09:24:15 INFO     Publishing shCabCatPic-NK-PO-2
2019-12-16 09:24:16 INFO     Asset cannot be processed, deleting asset
2019-12-16 09:24:16 INFO     Publishing shCabCatPic-NK-PO-3
2019-12-16 09:24:17 INFO     Asset cannot be processed, deleting asset
2019-12-16 09:24:17 INFO     Publishing shCabCatPic-NK-PO-4
2019-12-16 09:24:17 INFO     Asset cannot be processed, deleting asset
2019-12-16 09:24:18 INFO     Publishing shCabCatPic-WE-AS-0
2019-12-16 09:24:19 INFO     Asset cannot be processed, deleting asset
2019-12-16 09:24:19 INFO     Publishing shCabCatPic-VA-PI-2
2019-12-16 09:24:20 INFO     Asset cannot be processed, deleting asset
2019-12-16 09:24:20 INFO     Publishing shCabCatPic-WE-ES-1
2019-12-16 09:24:20 INFO     Asset cannot be processed, deleting asset
2019-12-16 09:24:21 INFO     Publishing shCabCatPic-WE-ES-2
2019-12-16 09:24:21 INFO     Asset cannot be processed, deleting asset
2019-12-16 09:24:22 INFO     Publishing shCabCatPic-WE-ES-3
2019-12-16 09:24:22 INFO     Asset cannot be processed, deleting asset
2019-12-16 09:24:23 INFO     Publishing shCabCatPic-NK-PO-5
2019-12-16 09:24:23 INFO     Asset cannot be processed, deleting asset
2019-12-16 09:24:24 INFO     Publishing shCabCatPic-NK-AS-0
2019-12-16 09:24:24 INFO     Asset cannot be processed, deleting asset
2019-12-16 09:24:25 INFO     Publishing shCabCatPic-NK-AS-1
2019-12-16 09:24:25 INFO     Asset cannot be processed, deleting asset
2019-12-16 09:24:26 INFO     Publishing shCabCatPic-NK-ES-0
2019-12-16 09:24:27 INFO     Asset cannot be processed, deleting asset
2019-12-16 09:24:27 INFO     Publishing shCabCatPic-NK-ES-1
2019-12-16 09:24:28 INFO     Asset cannot be processed, deleting asset
2019-12-16 09:24:28 INFO     Publishing shCabCatPic-VA-PI-0
2019-12-16 09:24:28 INFO     Asset cannot be processed, deleting asset
2019-12-16 09:24:29 INFO     Publishing shCabCatPic-VA-PI-1
2019-12-16 09:24:29 INFO     Asset cannot be processed, deleting asset
2019-12-16 09:24:30 INFO     Publishing shCabCatPic-VA-PO-0
2019-12-16 09:24:30 INFO     Asset cannot be processed, deleting asset
2019-12-16 09:24:31 INFO     Publishing shCabCatPic-VA-PO-2
2019-12-16 09:24:31 INFO     Asset cannot be processed, deleting asset
2019-12-16 09:24:32 INFO     Publishing shCabCatPic-VA-PO-3
2019-12-16 09:24:32 INFO     Asset cannot be processed, deleting asset
2019-12-16 09:24:33 INFO     Publishing shCabCatPic-VA-PI-3
2019-12-16 09:24:34 INFO     Asset cannot be processed, deleting asset
2019-12-16 09:24:34 INFO     Publishing shCabCatPic-VA-PO-4
2019-12-16 09:24:35 INFO     Asset cannot be processed, deleting asset
2019-12-16 09:24:35 INFO     Publishing shCabCatPic-TF-PI-0
2019-12-16 09:24:36 INFO     Asset cannot be processed, deleting asset
2019-12-16 09:24:37 INFO     Publishing shCabCatPic-TF-ES-0
2019-12-16 09:24:37 INFO     Asset cannot be processed, deleting asset
2019-12-16 09:24:38 INFO     Publishing shCabCatPic-TF-ES-1
2019-12-16 09:24:38 INFO     Asset cannot be processed, deleting asset
2019-12-16 09:24:39 INFO     Publishing shCabCatPic-TF-ES-2
2019-12-16 09:24:39 INFO     Asset cannot be processed, deleting asset
2019-12-16 09:24:40 INFO     Publishing shCabCatPic-TF-ES-3
2019-12-16 09:24:40 INFO     Asset cannot be processed, deleting asset
2019-12-16 09:24:41 INFO     Publishing shCabCatPic-FM-PI-1
2019-12-16 09:24:41 INFO     Asset cannot be processed, deleting asset
2019-12-16 09:24:42 INFO     Publishing shCabCatPic-FM-AS-0
2019-12-16 09:24:43 INFO     Asset cannot be processed, deleting asset
2019-12-16 09:24:43 INFO     Publishing shCabCatPic-FM-AS-1
2019-12-16 09:24:44 INFO     Asset cannot be processed, deleting asset
2019-12-16 09:24:44 INFO     Publishing shCabCatPic-FM-AS-2
2019-12-16 09:24:45 INFO     Asset cannot be processed, deleting asset
2019-12-16 09:24:45 INFO     Publishing shCabCatPic-FM-ES-0
2019-12-16 09:24:46 INFO     Asset cannot be processed, deleting asset
2019-12-16 09:24:46 INFO     Publishing shCabCatPic-FM-ES-1
2019-12-16 09:24:47 INFO     Asset cannot be processed, deleting asset
2019-12-16 09:24:47 INFO     Publishing shCabCatPic-FM-ES-2
2019-12-16 09:24:48 INFO     Asset cannot be processed, deleting asset
2019-12-16 09:24:48 INFO     Publishing shCabCatPic-FR-PI-0
2019-12-16 09:24:49 INFO     Asset cannot be processed, deleting asset
2019-12-16 09:24:49 INFO     Publishing shCabCatPic-FR-PI-1
2019-12-16 09:24:50 INFO     Asset cannot be processed, deleting asset
2019-12-16 09:24:50 INFO     Publishing shCabCatPic-FR-PO-0
2019-12-16 09:24:51 INFO     Asset cannot be processed, deleting asset
2019-12-16 09:24:51 INFO     Publishing shCabCatPic-FR-AS-2
2019-12-16 09:24:52 INFO     Asset cannot be processed, deleting asset
2019-12-16 09:24:52 INFO     Publishing shCabCatPic-FR-ES-0
2019-12-16 09:24:53 INFO     Asset cannot be processed, deleting asset
2019-12-16 09:24:53 INFO     Publishing shCabCatPic-FR-ES-1
2019-12-16 09:24:54 INFO     Asset cannot be processed, deleting asset
2019-12-16 09:24:54 INFO     Publishing shCabCatPic-FR-ES-2
2019-12-16 09:24:55 INFO     Asset cannot be processed, deleting asset
2019-12-16 09:24:55 INFO     Publishing shCabCatPic-TF-AS-0
2019-12-16 09:24:56 INFO     Asset cannot be processed, deleting asset
2019-12-16 09:24:56 INFO     Publishing shCabCatPic-LO-PI-0
2019-12-16 09:24:57 INFO     Asset cannot be processed, deleting asset
2019-12-16 09:24:57 INFO     Publishing shCabCatPic-LO-PI-1
2019-12-16 09:24:58 INFO     Asset cannot be processed, deleting asset
2019-12-16 09:24:58 INFO     Publishing shCabCatPic-LO-PI-2
2019-12-16 09:24:59 INFO     Asset cannot be processed, deleting asset
2019-12-16 09:24:59 INFO     Publishing shCabCatPic-LO-PI-3
2019-12-16 09:24:59 INFO     Asset cannot be processed, deleting asset
2019-12-16 09:25:00 INFO     Publishing shCabCatPic-TF-PO-2
2019-12-16 09:25:00 INFO     Asset cannot be processed, deleting asset
2019-12-16 09:25:01 INFO     Publishing shCabCatPic-TF-PO-1
2019-12-16 09:25:01 INFO     Asset cannot be processed, deleting asset
2019-12-16 09:25:02 INFO     Publishing shCabCatPic-TF-PO-0
2019-12-16 09:25:02 INFO     Asset cannot be processed, deleting asset
2019-12-16 09:25:03 INFO     Publishing shCabCatPic-TF-AS-1
2019-12-16 09:25:03 INFO     Asset cannot be processed, deleting asset
2019-12-16 09:25:04 INFO     Publishing shCabCatPic-LO-PO-0
2019-12-16 09:25:04 INFO     Asset cannot be processed, deleting asset
2019-12-16 09:25:05 INFO     Publishing shCabCatPic-LO-PO-1
2019-12-16 09:25:06 INFO     Asset cannot be processed, deleting asset
2019-12-16 09:25:06 INFO     Publishing shCabCatPic-LO-PO-2
2019-12-16 09:25:07 INFO     Asset cannot be processed, deleting asset
2019-12-16 09:25:07 INFO     Publishing shCabCatPic-FM-PI-0
2019-12-16 09:25:08 INFO     Asset cannot be processed, deleting asset
2019-12-16 09:25:08 INFO     Publishing shCabCatPic-FM-PO-0
2019-12-16 09:25:09 INFO     Asset cannot be processed, deleting asset
2019-12-16 09:25:09 INFO     Publishing shCabCatPic-FM-PO-1
2019-12-16 09:25:10 INFO     Asset cannot be processed, deleting asset
2019-12-16 09:25:11 INFO     Publishing shCabCatPic-FM-PO-2
2019-12-16 09:25:11 INFO     Asset cannot be processed, deleting asset
2019-12-16 09:25:11 INFO     Publishing shCabCatPic-FM-PO-3
2019-12-16 09:25:12 INFO     Asset cannot be processed, deleting asset
2019-12-16 09:25:12 INFO     Publishing shCabCatPic-FR-PO-1
2019-12-16 09:25:13 INFO     Asset cannot be processed, deleting asset
2019-12-16 09:25:13 INFO     Publishing shCabCatPic-PL-PI-0
2019-12-16 09:25:14 INFO     Asset cannot be processed, deleting asset
2019-12-16 09:25:14 INFO     Publishing shCabCatPic-PL-AS-1
2019-12-16 09:25:15 INFO     Asset cannot be processed, deleting asset
2019-12-16 09:25:15 INFO     Publishing shCabCatPic-FR-AS-1
2019-12-16 09:25:16 INFO     Asset cannot be processed, deleting asset
2019-12-16 09:25:17 INFO     Publishing shCabCatPic-FR-AS-0
2019-12-16 09:25:17 INFO     Asset cannot be processed, deleting asset
2019-12-16 09:25:18 INFO     Publishing shCabCatPic-FR-ES-3
2019-12-16 09:25:18 INFO     Asset cannot be processed, deleting asset
2019-12-16 09:25:19 INFO     Publishing shCabCatPic-FR-PO-2
2019-12-16 09:25:19 INFO     Asset cannot be processed, deleting asset
2019-12-16 09:25:20 INFO     Publishing shCabCatPic-RW-PI-0
2019-12-16 09:25:20 INFO     Asset cannot be processed, deleting asset
2019-12-16 09:25:21 INFO     Publishing shCabCatPic-RW-PI-1
2019-12-16 09:25:21 INFO     Asset cannot be processed, deleting asset
2019-12-16 09:25:22 INFO     Publishing shCabCatPic-RW-AS-0
2019-12-16 09:25:22 INFO     Asset cannot be processed, deleting asset
2019-12-16 09:25:23 INFO     Publishing shCabCatPic-RW-AS-1
2019-12-16 09:25:24 INFO     Asset cannot be processed, deleting asset
2019-12-16 09:25:24 INFO     Publishing shCabCatPic-PL-AS-0
2019-12-16 09:25:25 INFO     Asset cannot be processed, deleting asset
2019-12-16 09:25:25 INFO     Publishing shCabCatPic-RW-PO-0
2019-12-16 09:25:26 INFO     Asset cannot be processed, deleting asset
2019-12-16 09:25:26 INFO     Publishing shCabCatPic-RW-PO-1
2019-12-16 09:25:27 INFO     Asset cannot be processed, deleting asset
2019-12-16 09:25:27 INFO     Publishing shCabCatPic-RW-PO-2
2019-12-16 09:25:28 INFO     Asset cannot be processed, deleting asset
2019-12-16 09:25:28 INFO     Publishing shCabCatPic-RW-PO-3
2019-12-16 09:25:29 INFO     Asset cannot be processed, deleting asset
2019-12-16 09:25:29 INFO     Publishing shCabCatPic-RW-ES-2
2019-12-16 09:25:30 INFO     Asset cannot be processed, deleting asset
2019-12-16 09:25:30 INFO     Publishing shCabCatPic-PL-PO-2
2019-12-16 09:25:31 INFO     Asset cannot be processed, deleting asset
2019-12-16 09:25:31 INFO     Publishing shCabCatPic-RW-ES-1
2019-12-16 09:25:32 INFO     Asset cannot be processed, deleting asset
2019-12-16 09:25:32 INFO     Publishing shCabCatPic-RW-ES-3
2019-12-16 09:25:33 INFO     Asset cannot be processed, deleting asset
2019-12-16 09:25:33 INFO     Publishing shCabCatPic-PL-PO-1
2019-12-16 09:25:34 INFO     Asset cannot be processed, deleting asset
2019-12-16 09:25:35 INFO     Publishing shCabCatPic-PL-AS-2
2019-12-16 09:25:35 INFO     Asset cannot be processed, deleting asset
2019-12-16 09:25:36 INFO     Publishing shCabCatPic-PL-PI-1
2019-12-16 09:25:37 INFO     Asset cannot be processed, deleting asset
2019-12-16 09:25:37 INFO     Publishing shCabCatPic-PL-PO-0
2019-12-16 09:25:38 INFO     Asset cannot be processed, deleting asset
2019-12-16 09:25:38 INFO     Publishing shCabCatPic-PL-ES-1
2019-12-16 09:25:39 INFO     Asset cannot be processed, deleting asset
2019-12-16 09:25:39 INFO     Publishing shCabCatPic-PL-ES-2
2019-12-16 09:25:40 INFO     Asset cannot be processed, deleting asset
2019-12-16 09:25:42 INFO     Publishing shCabGr-AM-xt-0
2019-12-16 09:25:43 INFO     Publishing shCabGr-FN-rs-0
2019-12-16 09:25:43 INFO     Publishing shCabGr-FN-rr-2
2019-12-16 09:25:44 INFO     Publishing shCabGr-FN-XTD-1
2019-12-16 09:25:44 INFO     Publishing shCabGr-NK-sd-0
2019-12-16 09:25:45 INFO     Asset cannot be processed, deleting asset
2019-12-16 09:25:45 INFO     Publishing shCabGr-NK-sd-2
2019-12-16 09:25:46 INFO     Asset cannot be processed, deleting asset
2019-12-16 09:25:46 INFO     Publishing shCabGr-NK-sd-3
2019-12-16 09:25:46 INFO     Asset cannot be processed, deleting asset
2019-12-16 09:25:47 INFO     Publishing shCabGr-NK-sd-1
2019-12-16 09:25:47 INFO     Asset cannot be processed, deleting asset
2019-12-16 09:25:48 INFO     Publishing shCabGr-FN-xy-0
2019-12-16 09:25:49 INFO     Publishing shCabGr-FN-xy-1
2019-12-16 09:25:49 INFO     Publishing shCabGr-FN-rr-3
2019-12-16 09:25:50 INFO     Publishing shCabGr-FN-xt-1
2019-12-16 09:25:50 INFO     Publishing shCabGr-FN-ma-0
2019-12-16 09:25:51 INFO     Publishing shCabGr-FN-ty-0
2019-12-16 09:25:51 INFO     Publishing shCabGr-FN-mc-0
2019-12-16 09:25:52 INFO     Publishing shCabGr-FN-md-0
2019-12-16 09:25:53 INFO     Publishing shCabGr-FN-me-0
2019-12-16 09:25:53 INFO     Publishing shCabGr-PL-o2-0
2019-12-16 09:25:54 INFO     Publishing shCabGr-NL-j2d-2
2019-12-16 09:25:54 INFO     Publishing shCabGr-RW-mg4-3
2019-12-16 09:25:56 INFO     Publishing deckPic-NN-3
2019-12-16 09:25:56 INFO     Asset cannot be processed, deleting asset
2019-12-16 09:25:57 INFO     Publishing deckPic-KH-5
2019-12-16 09:25:57 INFO     Asset cannot be processed, deleting asset
2019-12-16 09:25:58 INFO     Publishing deckPic-KH-4
2019-12-16 09:25:58 INFO     Asset cannot be processed, deleting asset
2019-12-16 09:25:59 INFO     Publishing deckPic-KH-2
2019-12-16 09:25:59 INFO     Asset cannot be processed, deleting asset
2019-12-16 09:26:00 INFO     Publishing deckPic-KH-3
2019-12-16 09:26:00 INFO     Asset cannot be processed, deleting asset
2019-12-16 09:26:01 INFO     Publishing deckPic-KH-6
2019-12-16 09:26:01 INFO     Asset cannot be processed, deleting asset
2019-12-16 09:26:02 INFO     Publishing deckPic-KH-7
2019-12-16 09:26:02 INFO     Asset cannot be processed, deleting asset
2019-12-16 09:26:03 INFO     Publishing deckPic-MS-3
2019-12-16 09:26:03 INFO     Asset cannot be processed, deleting asset
2019-12-16 09:26:04 INFO     Publishing deckPic-MS-4
2019-12-16 09:26:04 INFO     Asset cannot be processed, deleting asset
2019-12-16 09:26:05 INFO     Publishing deckPic-MS-5
2019-12-16 09:26:05 INFO     Asset cannot be processed, deleting asset
2019-12-16 09:26:06 INFO     Publishing deckPic-MS-6
2019-12-16 09:26:06 INFO     Asset cannot be processed, deleting asset
2019-12-16 09:26:07 INFO     Publishing deckPic-MS-7
2019-12-16 09:26:07 INFO     Asset cannot be processed, deleting asset
2019-12-16 09:26:08 INFO     Publishing deckPic-MS-8
2019-12-16 09:26:08 INFO     Asset cannot be processed, deleting asset
2019-12-16 09:26:09 INFO     Publishing deckPic-MS-9
2019-12-16 09:26:09 INFO     Asset cannot be processed, deleting asset
2019-12-16 09:26:10 INFO     Publishing deckPic-NN-7
2019-12-16 09:26:10 INFO     Asset cannot be processed, deleting asset
2019-12-16 09:26:11 INFO     Publishing deckPic-NN-2
2019-12-16 09:26:11 INFO     Asset cannot be processed, deleting asset
2019-12-16 09:26:12 INFO     Publishing deckPic-NN-4
2019-12-16 09:26:13 INFO     Asset cannot be processed, deleting asset
2019-12-16 09:26:13 INFO     Publishing deckPic-NN-5
2019-12-16 09:26:14 INFO     Asset cannot be processed, deleting asset
2019-12-16 09:26:14 INFO     Publishing deckPic-NN-6
2019-12-16 09:26:15 INFO     Asset cannot be processed, deleting asset
2019-12-16 09:26:15 INFO     Publishing deckPic-NK-6
2019-12-16 09:26:16 INFO     Asset cannot be processed, deleting asset
2019-12-16 09:26:16 INFO     Publishing deckPic-WE-8
2019-12-16 09:26:17 INFO     Asset cannot be processed, deleting asset
2019-12-16 09:26:17 INFO     Publishing deckPic-VA-7
2019-12-16 09:26:18 INFO     Asset cannot be processed, deleting asset
2019-12-16 09:26:19 INFO     Publishing deckPic-WE-3
2019-12-16 09:26:19 INFO     Asset cannot be processed, deleting asset
2019-12-16 09:26:20 INFO     Publishing deckPic-WE-4
2019-12-16 09:26:20 INFO     Asset cannot be processed, deleting asset
2019-12-16 09:26:21 INFO     Publishing deckPic-WE-5
2019-12-16 09:26:21 INFO     Asset cannot be processed, deleting asset
2019-12-16 09:26:22 INFO     Publishing deckPic-WE-6
2019-12-16 09:26:22 INFO     Asset cannot be processed, deleting asset
2019-12-16 09:26:23 INFO     Publishing deckPic-WE-7
2019-12-16 09:26:23 INFO     Asset cannot be processed, deleting asset
2019-12-16 09:26:24 INFO     Publishing deckPic-NK-3
2019-12-16 09:26:24 INFO     Asset cannot be processed, deleting asset
2019-12-16 09:26:25 INFO     Publishing deckPic-NK-7
2019-12-16 09:26:25 INFO     Asset cannot be processed, deleting asset
2019-12-16 09:26:26 INFO     Publishing deckPic-NO-2
2019-12-16 09:26:26 INFO     Asset cannot be processed, deleting asset
2019-12-16 09:26:27 INFO     Publishing deckPic-NO-3
2019-12-16 09:26:27 INFO     Asset cannot be processed, deleting asset
2019-12-16 09:26:28 INFO     Publishing deckPic-NK-2
2019-12-16 09:26:28 INFO     Asset cannot be processed, deleting asset
2019-12-16 09:26:29 INFO     Publishing deckPic-NK-5
2019-12-16 09:26:29 INFO     Asset cannot be processed, deleting asset
2019-12-16 09:26:30 INFO     Publishing deckPic-NK-4
2019-12-16 09:26:30 INFO     Asset cannot be processed, deleting asset
2019-12-16 09:26:31 INFO     Publishing deckPic-NO-1
2019-12-16 09:26:31 INFO     Asset cannot be processed, deleting asset
2019-12-16 09:26:32 INFO     Publishing deckPic-NO-4
2019-12-16 09:26:32 INFO     Asset cannot be processed, deleting asset
2019-12-16 09:26:32 INFO     Publishing deckPic-VA-1
2019-12-16 09:26:33 INFO     Asset cannot be processed, deleting asset
2019-12-16 09:26:33 INFO     Publishing deckPic-VA-2
2019-12-16 09:26:34 INFO     Asset cannot be processed, deleting asset
2019-12-16 09:26:35 INFO     Publishing deckPic-VA-3
2019-12-16 09:26:35 INFO     Asset cannot be processed, deleting asset
2019-12-16 09:26:36 INFO     Publishing deckPic-VA-4
2019-12-16 09:26:36 INFO     Asset cannot be processed, deleting asset
2019-12-16 09:26:38 INFO     Publishing deckPic-VA-5
2019-12-16 09:26:38 INFO     Asset cannot be processed, deleting asset
2019-12-16 09:26:39 INFO     Publishing deckPic-VA-6
2019-12-16 09:26:39 INFO     Asset cannot be processed, deleting asset
2019-12-16 09:26:40 INFO     Publishing deckPic-FN-3
2019-12-16 09:26:40 INFO     Asset cannot be processed, deleting asset
2019-12-16 09:26:41 INFO     Publishing deckPic-FN-4
2019-12-16 09:26:41 INFO     Asset cannot be processed, deleting asset
2019-12-16 09:26:42 INFO     Publishing deckPic-FN-7
2019-12-16 09:26:42 INFO     Asset cannot be processed, deleting asset
2019-12-16 09:26:43 INFO     Publishing deckPic-TF-3
2019-12-16 09:26:43 INFO     Asset cannot be processed, deleting asset
2019-12-16 09:26:44 INFO     Publishing deckPic-TF-6
2019-12-16 09:26:44 INFO     Asset cannot be processed, deleting asset
2019-12-16 09:26:45 INFO     Publishing deckPic-TF-7
2019-12-16 09:26:45 INFO     Asset cannot be processed, deleting asset
2019-12-16 09:26:46 INFO     Publishing deckPic-WW-3
2019-12-16 09:26:46 INFO     Asset cannot be processed, deleting asset
2019-12-16 09:26:47 INFO     Publishing deckPic-WW-4
2019-12-16 09:26:47 INFO     Asset cannot be processed, deleting asset
2019-12-16 09:26:48 INFO     Publishing deckPic-WW-5
2019-12-16 09:26:48 INFO     Asset cannot be processed, deleting asset
2019-12-16 09:26:49 INFO     Publishing deckPic-WW-6
2019-12-16 09:26:49 INFO     Asset cannot be processed, deleting asset
2019-12-16 09:26:50 INFO     Publishing deckPic-WW-7
2019-12-16 09:26:50 INFO     Asset cannot be processed, deleting asset
2019-12-16 09:26:51 INFO     Publishing deckPic-FM-6
2019-12-16 09:26:51 INFO     Asset cannot be processed, deleting asset
2019-12-16 09:26:52 INFO     Publishing deckPic-FN-11
2019-12-16 09:26:52 INFO     Asset cannot be processed, deleting asset
2019-12-16 09:26:53 INFO     Publishing deckPic-TF-4
2019-12-16 09:26:53 INFO     Asset cannot be processed, deleting asset
2019-12-16 09:26:54 INFO     Publishing deckPic-TF-5
2019-12-16 09:26:54 INFO     Asset cannot be processed, deleting asset
2019-12-16 09:26:55 INFO     Publishing deckPic-TF-8
2019-12-16 09:26:55 INFO     Asset cannot be processed, deleting asset
2019-12-16 09:26:56 INFO     Publishing deckPic-TF-9
2019-12-16 09:26:56 INFO     Asset cannot be processed, deleting asset
2019-12-16 09:26:57 INFO     Publishing deckPic-WW-8
2019-12-16 09:26:57 INFO     Asset cannot be processed, deleting asset
2019-12-16 09:26:58 INFO     Publishing deckPic-WW-9
2019-12-16 09:26:58 INFO     Asset cannot be processed, deleting asset
2019-12-16 09:26:59 INFO     Publishing deckPic-LO-1
2019-12-16 09:26:59 INFO     Asset cannot be processed, deleting asset
2019-12-16 09:27:00 INFO     Publishing deckPic-LO-5
2019-12-16 09:27:00 INFO     Asset cannot be processed, deleting asset
2019-12-16 09:27:01 INFO     Publishing deckPic-FM-4
2019-12-16 09:27:01 INFO     Asset cannot be processed, deleting asset
2019-12-16 09:27:02 INFO     Publishing deckPic-FM-8
2019-12-16 09:27:02 INFO     Asset cannot be processed, deleting asset
2019-12-16 09:27:03 INFO     Publishing deckPic-FR-3
2019-12-16 09:27:03 INFO     Asset cannot be processed, deleting asset
2019-12-16 09:27:04 INFO     Publishing deckPic-FN-8
2019-12-16 09:27:04 INFO     Asset cannot be processed, deleting asset
2019-12-16 09:27:05 INFO     Publishing deckPic-FN-9
2019-12-16 09:27:05 INFO     Asset cannot be processed, deleting asset
2019-12-16 09:27:06 INFO     Publishing deckPic-LO-3
2019-12-16 09:27:06 INFO     Asset cannot be processed, deleting asset
2019-12-16 09:27:07 INFO     Publishing deckPic-LO-4
2019-12-16 09:27:07 INFO     Asset cannot be processed, deleting asset
2019-12-16 09:27:07 INFO     Publishing deckPic-FN-5
2019-12-16 09:27:08 INFO     Asset cannot be processed, deleting asset
2019-12-16 09:27:08 INFO     Publishing deckPic-FN-6
2019-12-16 09:27:09 INFO     Asset cannot be processed, deleting asset
2019-12-16 09:27:09 INFO     Publishing deckPic-FN-10
2019-12-16 09:27:10 INFO     Asset cannot be processed, deleting asset
2019-12-16 09:27:10 INFO     Publishing deckPic-LO-2
2019-12-16 09:27:11 INFO     Asset cannot be processed, deleting asset
2019-12-16 09:27:11 INFO     Publishing deckPic-ER-4
2019-12-16 09:27:12 INFO     Asset cannot be processed, deleting asset
2019-12-16 09:27:12 INFO     Publishing deckPic-ER-3
2019-12-16 09:27:13 INFO     Asset cannot be processed, deleting asset
2019-12-16 09:27:13 INFO     Publishing deckPic-ER-5
2019-12-16 09:27:14 INFO     Asset cannot be processed, deleting asset
2019-12-16 09:27:14 INFO     Publishing deckPic-ER-6
2019-12-16 09:27:15 INFO     Asset cannot be processed, deleting asset
2019-12-16 09:27:15 INFO     Publishing deckPic-ER-7
2019-12-16 09:27:16 INFO     Asset cannot be processed, deleting asset
2019-12-16 09:27:16 INFO     Publishing deckPic-ER-8
2019-12-16 09:27:17 INFO     Asset cannot be processed, deleting asset
2019-12-16 09:27:17 INFO     Publishing deckPic-ER-9
2019-12-16 09:27:18 INFO     Asset cannot be processed, deleting asset
2019-12-16 09:27:19 INFO     Publishing deckPic-OS-2
2019-12-16 09:27:19 INFO     Asset cannot be processed, deleting asset
2019-12-16 09:27:20 INFO     Publishing deckPic-OS-3
2019-12-16 09:27:20 INFO     Asset cannot be processed, deleting asset
2019-12-16 09:27:20 INFO     Publishing deckPic-OS-4
2019-12-16 09:27:21 INFO     Asset cannot be processed, deleting asset
2019-12-16 09:27:21 INFO     Publishing deckPic-FM-2
2019-12-16 09:27:22 INFO     Asset cannot be processed, deleting asset
2019-12-16 09:27:23 INFO     Publishing deckPic-FM-3
2019-12-16 09:27:23 INFO     Asset cannot be processed, deleting asset
2019-12-16 09:27:24 INFO     Publishing deckPic-FM-7
2019-12-16 09:27:24 INFO     Asset cannot be processed, deleting asset
2019-12-16 09:27:24 INFO     Publishing deckPic-FR-2
2019-12-16 09:27:25 INFO     Asset cannot be processed, deleting asset
2019-12-16 09:27:26 INFO     Publishing deckPic-FR-4
2019-12-16 09:27:26 INFO     Asset cannot be processed, deleting asset
2019-12-16 09:27:26 INFO     Publishing deckPic-FR-5
2019-12-16 09:27:27 INFO     Asset cannot be processed, deleting asset
2019-12-16 09:27:27 INFO     Publishing deckPic-FM-5
2019-12-16 09:27:28 INFO     Asset cannot be processed, deleting asset
2019-12-16 09:27:29 INFO     Publishing deckPic-FR-6
2019-12-16 09:27:29 INFO     Asset cannot be processed, deleting asset
2019-12-16 09:27:30 INFO     Publishing deckPic-FR-7
2019-12-16 09:27:30 INFO     Asset cannot be processed, deleting asset
2019-12-16 09:27:31 INFO     Publishing deckPic-OS-8
2019-12-16 09:27:31 INFO     Asset cannot be processed, deleting asset
2019-12-16 09:27:32 INFO     Publishing deckPic-NL-3
2019-12-16 09:27:32 INFO     Asset cannot be processed, deleting asset
2019-12-16 09:27:32 INFO     Publishing deckPic-NL-5
2019-12-16 09:27:33 INFO     Asset cannot be processed, deleting asset
2019-12-16 09:27:33 INFO     Publishing deckPic-NL-6
2019-12-16 09:27:34 INFO     Asset cannot be processed, deleting asset
2019-12-16 09:27:34 INFO     Publishing deckPic-NL-7
2019-12-16 09:27:35 INFO     Asset cannot be processed, deleting asset
2019-12-16 09:27:35 INFO     Publishing deckPic-OS-5
2019-12-16 09:27:36 INFO     Asset cannot be processed, deleting asset
2019-12-16 09:27:36 INFO     Publishing deckPic-OS-6
2019-12-16 09:27:37 INFO     Asset cannot be processed, deleting asset
2019-12-16 09:27:37 INFO     Publishing deckPic-FR-8
2019-12-16 09:27:37 INFO     Asset cannot be processed, deleting asset
2019-12-16 09:27:38 INFO     Publishing deckPic-RW-3
2019-12-16 09:27:39 INFO     Asset cannot be processed, deleting asset
2019-12-16 09:27:39 INFO     Publishing deckPic-PL-7
2019-12-16 09:27:40 INFO     Asset cannot be processed, deleting asset
2019-12-16 09:27:40 INFO     Publishing deckPic-PL-3
2019-12-16 09:27:40 INFO     Asset cannot be processed, deleting asset
2019-12-16 09:27:41 INFO     Publishing deckPic-NL-2
2019-12-16 09:27:42 INFO     Asset cannot be processed, deleting asset
2019-12-16 09:27:42 INFO     Publishing deckPic-NL-4
2019-12-16 09:27:42 INFO     Asset cannot be processed, deleting asset
2019-12-16 09:27:43 INFO     Publishing deckPic-RW-6
2019-12-16 09:27:43 INFO     Asset cannot be processed, deleting asset
2019-12-16 09:27:44 INFO     Publishing deckPic-RW-7
2019-12-16 09:27:45 INFO     Asset cannot be processed, deleting asset
2019-12-16 09:27:45 INFO     Publishing deckPic-PL-2
2019-12-16 09:27:46 INFO     Asset cannot be processed, deleting asset
2019-12-16 09:27:46 INFO     Publishing deckPic-PL-4
2019-12-16 09:27:46 INFO     Asset cannot be processed, deleting asset
2019-12-16 09:27:47 INFO     Publishing deckPic-PL-6
2019-12-16 09:27:47 INFO     Asset cannot be processed, deleting asset
2019-12-16 09:27:48 INFO     Publishing deckPic-OS-7
2019-12-16 09:27:48 INFO     Asset cannot be processed, deleting asset
2019-12-16 09:27:49 INFO     Publishing deckPic-RW-2
2019-12-16 09:27:49 INFO     Asset cannot be processed, deleting asset
2019-12-16 09:27:50 INFO     Publishing deckPic-RW-4
2019-12-16 09:27:50 INFO     Asset cannot be processed, deleting asset
2019-12-16 09:27:51 INFO     Publishing deckPic-RW-5
2019-12-16 09:27:51 INFO     Asset cannot be processed, deleting asset
2019-12-16 09:27:52 INFO     Publishing deckPic-PL-5
2019-12-16 09:27:52 INFO     Asset cannot be processed, deleting asset
